1737990447.346726 client started (31799): version 3.5a, socket /private/tmp/tmux-501/default, protocol 8
1737990447.346814 on Darwin 23.6.0 Darwin Kernel Version 23.6.0: Mon Jul 29 21:14:21 PDT 2024; root:xnu-10063.141.2~1/RELEASE_ARM64_T8103
1737990447.346835 using libevent 2.1.12-stable select
1737990447.347202 using utf8proc 2.9.0
1737990447.347218 using ncurses 6.5 20240427
1737990447.347248 flags are 0x10010000
1737990447.347259 socket is /private/tmp/tmux-501/default
1737990447.347275 trying connect
1737990447.347350 add peer 0x128008000: 6 (0x0)
1737990447.350742 sending message 111 to peer 0x128008000 (8 bytes)
1737990447.350756 sending message 111 to peer 0x128008000 (8 bytes)
1737990447.350764 sending message 101 to peer 0x128008000 (16 bytes)
1737990447.350772 sending message 109 to peer 0x128008000 (4 bytes)
1737990447.350780 sending message 102 to peer 0x128008000 (13 bytes)
1737990447.350788 sending message 108 to peer 0x128008000 (33 bytes)
1737990447.350796 sending message 112 to peer 0x128008000 (70 bytes)
1737990447.350804 sending message 112 to peer 0x128008000 (5 bytes)
1737990447.350811 sending message 112 to peer 0x128008000 (5 bytes)
1737990447.350818 sending message 112 to peer 0x128008000 (6 bytes)
1737990447.350826 sending message 112 to peer 0x128008000 (6 bytes)
1737990447.350833 sending message 112 to peer 0x128008000 (11 bytes)
1737990447.350841 sending message 112 to peer 0x128008000 (10 bytes)
1737990447.350849 sending message 112 to peer 0x128008000 (13 bytes)
1737990447.350856 sending message 112 to peer 0x128008000 (13 bytes)
1737990447.350864 sending message 112 to peer 0x128008000 (18 bytes)
1737990447.350871 sending message 112 to peer 0x128008000 (11 bytes)
1737990447.350878 sending message 112 to peer 0x128008000 (21 bytes)
1737990447.350886 sending message 112 to peer 0x128008000 (13 bytes)
1737990447.350893 sending message 112 to peer 0x128008000 (7 bytes)
1737990447.350900 sending message 112 to peer 0x128008000 (13 bytes)
1737990447.350908 sending message 112 to peer 0x128008000 (7 bytes)
1737990447.350915 sending message 112 to peer 0x128008000 (13 bytes)
1737990447.350922 sending message 112 to peer 0x128008000 (9 bytes)
1737990447.350929 sending message 112 to peer 0x128008000 (21 bytes)
1737990447.350937 sending message 112 to peer 0x128008000 (13 bytes)
1737990447.350944 sending message 112 to peer 0x128008000 (8 bytes)
1737990447.350951 sending message 112 to peer 0x128008000 (12 bytes)
1737990447.350959 sending message 112 to peer 0x128008000 (13 bytes)
1737990447.350966 sending message 112 to peer 0x128008000 (9 bytes)
1737990447.350973 sending message 112 to peer 0x128008000 (9 bytes)
1737990447.350981 sending message 112 to peer 0x128008000 (12 bytes)
1737990447.350988 sending message 112 to peer 0x128008000 (8 bytes)
1737990447.350995 sending message 112 to peer 0x128008000 (7 bytes)
1737990447.351002 sending message 112 to peer 0x128008000 (7 bytes)
1737990447.351010 sending message 112 to peer 0x128008000 (9 bytes)
1737990447.351017 sending message 112 to peer 0x128008000 (13 bytes)
1737990447.351024 sending message 112 to peer 0x128008000 (9 bytes)
1737990447.351031 sending message 112 to peer 0x128008000 (15 bytes)
1737990447.351038 sending message 112 to peer 0x128008000 (13 bytes)
1737990447.351046 sending message 112 to peer 0x128008000 (12 bytes)
1737990447.351053 sending message 112 to peer 0x128008000 (8 bytes)
1737990447.351060 sending message 112 to peer 0x128008000 (14 bytes)
1737990447.351067 sending message 112 to peer 0x128008000 (9 bytes)
1737990447.351074 sending message 112 to peer 0x128008000 (10 bytes)
1737990447.351082 sending message 112 to peer 0x128008000 (10 bytes)
1737990447.351089 sending message 112 to peer 0x128008000 (10 bytes)
1737990447.351096 sending message 112 to peer 0x128008000 (10 bytes)
1737990447.351103 sending message 112 to peer 0x128008000 (11 bytes)
1737990447.351110 sending message 112 to peer 0x128008000 (10 bytes)
1737990447.351118 sending message 112 to peer 0x128008000 (8 bytes)
1737990447.351125 sending message 112 to peer 0x128008000 (11 bytes)
1737990447.351143 sending message 112 to peer 0x128008000 (11 bytes)
1737990447.351149 sending message 112 to peer 0x128008000 (11 bytes)
1737990447.351154 sending message 112 to peer 0x128008000 (8 bytes)
1737990447.351159 sending message 112 to peer 0x128008000 (8 bytes)
1737990447.351164 sending message 112 to peer 0x128008000 (8 bytes)
1737990447.351169 sending message 112 to peer 0x128008000 (10 bytes)
1737990447.351174 sending message 112 to peer 0x128008000 (10 bytes)
1737990447.351179 sending message 112 to peer 0x128008000 (10 bytes)
1737990447.351184 sending message 112 to peer 0x128008000 (10 bytes)
1737990447.351189 sending message 112 to peer 0x128008000 (10 bytes)
1737990447.351194 sending message 112 to peer 0x128008000 (11 bytes)
1737990447.351199 sending message 112 to peer 0x128008000 (11 bytes)
1737990447.351204 sending message 112 to peer 0x128008000 (10 bytes)
1737990447.351209 sending message 112 to peer 0x128008000 (9 bytes)
1737990447.351214 sending message 112 to peer 0x128008000 (9 bytes)
1737990447.351219 sending message 112 to peer 0x128008000 (12 bytes)
1737990447.351224 sending message 112 to peer 0x128008000 (9 bytes)
1737990447.351229 sending message 112 to peer 0x128008000 (6 bytes)
1737990447.351234 sending message 112 to peer 0x128008000 (13 bytes)
1737990447.351239 sending message 112 to peer 0x128008000 (8 bytes)
1737990447.351244 sending message 112 to peer 0x128008000 (15 bytes)
1737990447.351249 sending message 112 to peer 0x128008000 (13 bytes)
1737990447.351254 sending message 112 to peer 0x128008000 (70 bytes)
1737990447.351259 sending message 112 to peer 0x128008000 (69 bytes)
1737990447.351264 sending message 112 to peer 0x128008000 (10 bytes)
1737990447.351269 sending message 112 to peer 0x128008000 (8 bytes)
1737990447.351274 sending message 112 to peer 0x128008000 (15 bytes)
1737990447.351279 sending message 112 to peer 0x128008000 (13 bytes)
1737990447.351284 sending message 112 to peer 0x128008000 (10 bytes)
1737990447.351289 sending message 112 to peer 0x128008000 (10 bytes)
1737990447.351294 sending message 112 to peer 0x128008000 (5 bytes)
1737990447.351298 sending message 112 to peer 0x128008000 (15 bytes)
1737990447.351305 sending message 104 to peer 0x128008000 (0 bytes)
1737990447.351311 sending message 110 to peer 0x128008000 (0 bytes)
1737990447.351316 sending message 107 to peer 0x128008000 (4 bytes)
1737990447.351322 sending message 105 to peer 0x128008000 (20 bytes)
1737990447.351327 sending message 105 to peer 0x128008000 (22 bytes)
1737990447.351332 sending message 105 to peer 0x128008000 (57 bytes)
1737990447.351337 sending message 105 to peer 0x128008000 (75 bytes)
1737990447.351342 sending message 105 to peer 0x128008000 (38 bytes)
1737990447.351347 sending message 105 to peer 0x128008000 (37 bytes)
1737990447.351352 sending message 105 to peer 0x128008000 (25 bytes)
1737990447.351357 sending message 105 to peer 0x128008000 (37 bytes)
1737990447.351362 sending message 105 to peer 0x128008000 (30 bytes)
1737990447.351367 sending message 105 to peer 0x128008000 (34 bytes)
1737990447.351372 sending message 105 to peer 0x128008000 (60 bytes)
1737990447.351377 sending message 105 to peer 0x128008000 (17 bytes)
1737990447.351382 sending message 105 to peer 0x128008000 (8 bytes)
1737990447.351387 sending message 105 to peer 0x128008000 (21 bytes)
1737990447.351392 sending message 105 to peer 0x128008000 (32 bytes)
1737990447.351397 sending message 105 to peer 0x128008000 (96 bytes)
1737990447.351402 sending message 105 to peer 0x128008000 (54 bytes)
1737990447.351407 sending message 105 to peer 0x128008000 (106 bytes)
1737990447.351412 sending message 105 to peer 0x128008000 (36 bytes)
1737990447.351417 sending message 105 to peer 0x128008000 (11 bytes)
1737990447.351423 sending message 105 to peer 0x128008000 (557 bytes)
1737990447.351428 sending message 105 to peer 0x128008000 (37 bytes)
1737990447.351433 sending message 105 to peer 0x128008000 (24 bytes)
1737990447.351438 sending message 105 to peer 0x128008000 (15 bytes)
1737990447.351443 sending message 105 to peer 0x128008000 (8 bytes)
1737990447.351458 sending message 105 to peer 0x128008000 (66 bytes)
1737990447.351463 sending message 105 to peer 0x128008000 (21 bytes)
1737990447.351468 sending message 105 to peer 0x128008000 (63 bytes)
1737990447.351473 sending message 105 to peer 0x128008000 (18 bytes)
1737990447.351478 sending message 105 to peer 0x128008000 (26 bytes)
1737990447.351484 sending message 105 to peer 0x128008000 (57 bytes)
1737990447.351489 sending message 105 to peer 0x128008000 (43 bytes)
1737990447.351494 sending message 105 to peer 0x128008000 (13 bytes)
1737990447.351499 sending message 105 to peer 0x128008000 (67 bytes)
1737990447.351504 sending message 105 to peer 0x128008000 (18 bytes)
1737990447.351508 sending message 105 to peer 0x128008000 (98 bytes)
1737990447.351514 sending message 105 to peer 0x128008000 (14 bytes)
1737990447.351519 sending message 105 to peer 0x128008000 (19 bytes)
1737990447.351523 sending message 105 to peer 0x128008000 (35 bytes)
1737990447.351528 sending message 105 to peer 0x128008000 (43 bytes)
1737990447.351533 sending message 105 to peer 0x128008000 (32 bytes)
1737990447.351538 sending message 105 to peer 0x128008000 (25 bytes)
1737990447.351543 sending message 106 to peer 0x128008000 (0 bytes)
1737990447.351613 sending message 200 to peer 0x128008000 (4 bytes)
1737990447.351622 client loop enter
1737990447.351807 peer 0x128008000 message 303
1737990447.351816 open write file 2 -
1737990447.351836 sending message 305 to peer 0x128008000 (8 bytes)
1737990447.351852 write check file 2
1737990447.351879 peer 0x128008000 message 304
1737990447.351885 write 58 to file 2
1737990447.351891 peer 0x128008000 message 203
1737990447.351897 file 2 58 bytes left
1737990447.351912 write check file 2
1737990447.351918 client loop exit
